<?xml version="1.0" encoding="UTF-8"?>
<testng-results ignored="0" total="1" passed="1" failed="0" skipped="0">
  <reporter-output>
  </reporter-output>
  <suite started-at="2019-11-11T10:29:37 CET" name="Default suite" finished-at="2019-11-11T10:29:40 CET" duration-ms="3217">
    <groups>
    </groups>
    <test started-at="2019-11-11T10:29:37 CET" name="Default test" finished-at="2019-11-11T10:29:40 CET" duration-ms="3217">
      <class name="freeNowTest.freeNowTestNG">
        <test-method signature="findUser()[pri:0, instance:freeNowTest.freeNowTestNG@7b02881e]" started-at="2019-11-11T10:29:37 CET" name="findUser" finished-at="2019-11-11T10:29:40 CET" duration-ms="3190" status="PASS">
          <reporter-output>
          </reporter-output>
        </test-method> <!-- findUser -->
      </class> <!-- freeNowTest.freeNowTestNG -->
    </test> <!-- Default test -->
  </suite> <!-- Default suite -->
</testng-results>
