<?xml version="1.0" encoding="UTF-8"?>
<testng-results ignored="0" total="1" passed="1" failed="0" skipped="0">
  <reporter-output>
  </reporter-output>
  <suite started-at="2019-11-11T11:51:16 CET" name="Suite" finished-at="2019-11-11T11:51:19 CET" duration-ms="3049">
    <groups>
    </groups>
    <test started-at="2019-11-11T11:51:16 CET" name="Test" finished-at="2019-11-11T11:51:19 CET" duration-ms="3049">
      <class name="freeNowTest.freeNowTestNG">
        <test-method signature="findUser()[pri:0, instance:freeNowTest.freeNowTestNG@7b02881e]" started-at="2019-11-11T11:51:16 CET" name="findUser" finished-at="2019-11-11T11:51:19 CET" duration-ms="3025" status="PASS">
          <reporter-output>
          </reporter-output>
        </test-method> <!-- findUser -->
      </class> <!-- freeNowTest.freeNowTestNG -->
    </test> <!-- Test -->
  </suite> <!-- Suite -->
</testng-results>
