<?xml version="1.0" encoding="UTF-8"?>
<testng-results ignored="0" total="1" passed="1" failed="0" skipped="0">
  <reporter-output>
  </reporter-output>
  <suite started-at="2019-11-07T14:41:07 CET" name="Default suite" finished-at="2019-11-07T14:41:15 CET" duration-ms="7987">
    <groups>
    </groups>
    <test started-at="2019-11-07T14:41:07 CET" name="Default test" finished-at="2019-11-07T14:41:15 CET" duration-ms="7987">
      <class name="snapengageTestNG.snapengageLogin">
        <test-method signature="snapengageTestLogin()[pri:0, instance:snapengageTestNG.snapengageLogin@31f9b85e]" started-at="2019-11-07T14:41:07 CET" name="snapengageTestLogin" finished-at="2019-11-07T14:41:15 CET" duration-ms="7961" status="PASS">
          <reporter-output>
          </reporter-output>
        </test-method> <!-- snapengageTestLogin -->
      </class> <!-- snapengageTestNG.snapengageLogin -->
    </test> <!-- Default test -->
  </suite> <!-- Default suite -->
</testng-results>
