<?xml version="1.0" encoding="UTF-8"?>
<!-- Generated by org.testng.reporters.JUnitXMLReporter -->
<testsuite ignored="0" hostname="FLASH-00316.local" failures="0" tests="2" name="Default test" time="1.597" errors="0" timestamp="2019-11-13T21:40:08 CET">
  <testcase classname="sampleprojectautomation.ShareNowAPITest" name="testdecklidstatus" time="1.4"/>
  <testcase classname="sampleprojectautomation.ShareNowAPITest" name="testdoorstatusfrontlefts" time="0.164"/>
</testsuite> <!-- Default test -->
