<?xml version="1.0" encoding="UTF-8"?>
<!-- Generated by org.testng.reporters.JUnitXMLReporter -->
<testsuite ignored="0" hostname="FLASH-00316.local" failures="1" tests="1" name="Test" time="7.562" errors="0" timestamp="2019-11-07T14:21:48 CET">
  <testcase classname="snapengageTestNG.snapengageLogin" name="snapengageTestLogin" time="7.535">
    <failure type="java.io.IOException" message="Destination &amp;apos;/Users/smitarmehta&amp;apos; directory cannot be created">
      <![CDATA[java.io.IOException: Destination '/Users/smitarmehta' directory cannot be created
at org.apache.commons.io.FileUtils.copyFile(FileUtils.java:1070)
at org.apache.commons.io.FileUtils.copyFile(FileUtils.java:1028)
at snapengageTestNG.snapengageLogin.takeSnapShot(snapengageLogin.java:57)
at snapengageTestNG.snapengageLogin.snapengageTestLogin(snapengageLogin.java:35)
at java.base/java.util.ArrayList.forEach(ArrayList.java:1540)
... Removed 27 stack frames]]>
    </failure>
  </testcase> <!-- snapengageTestLogin -->
</testsuite> <!-- Test -->
